
/home/runner/work/exp-study-and-use-of-optical-flat-iitkgp/exp-study-and-use-of-optical-flat-iitkgp/experiment/simulation/js/opticalFlats.js
    8:1   warning  '$' is not defined                            no-undef
    9:3   warning  '$' is not defined                            no-undef
   10:5   warning  '$' is not defined                            no-undef
   13:1   warning  '$' is not defined                            no-undef
   14:3   warning  '$' is not defined                            no-undef
   16:5   warning  '$' is not defined                            no-undef
   24:10  warning  'seudovalue1' is defined but never used       no-unused-vars
   26:1   warning  '$' is not defined                            no-undef
   30:10  warning  'seudovalue2' is defined but never used       no-unused-vars
   32:1   warning  '$' is not defined                            no-undef
   38:10  warning  'onoff' is defined but never used             no-unused-vars
   43:1   warning  '$' is not defined                            no-undef
   44:1   warning  '$' is not defined                            no-undef
   73:1   warning  '$' is not defined                            no-undef
   74:1   warning  '$' is not defined                            no-undef
  110:10  warning  'obj1' is defined but never used              no-unused-vars
  111:1   warning  '$' is not defined                            no-undef
  112:1   warning  '$' is not defined                            no-undef
  113:1   warning  '$' is not defined                            no-undef
  114:1   warning  '$' is not defined                            no-undef
  116:10  warning  'obj12' is defined but never used             no-unused-vars
  117:1   warning  '$' is not defined                            no-undef
  119:1   warning  '$' is not defined                            no-undef
  120:1   warning  '$' is not defined                            no-undef
  121:1   warning  '$' is not defined                            no-undef
  123:10  warning  'obj13' is defined but never used             no-unused-vars
  124:1   warning  '$' is not defined                            no-undef
  126:1   warning  '$' is not defined                            no-undef
  127:1   warning  '$' is not defined                            no-undef
  128:1   warning  '$' is not defined                            no-undef
  132:10  warning  'obj2' is defined but never used              no-unused-vars
  134:1   warning  '$' is not defined                            no-undef
  136:1   warning  '$' is not defined                            no-undef
  139:10  warning  'obj3' is defined but never used              no-unused-vars
  142:1   warning  '$' is not defined                            no-undef
  143:1   warning  '$' is not defined                            no-undef
  147:10  warning  'obj31' is defined but never used             no-unused-vars
  150:1   warning  '$' is not defined                            no-undef
  152:1   warning  '$' is not defined                            no-undef
  156:10  warning  'obj32' is defined but never used             no-unused-vars
  159:1   warning  '$' is not defined                            no-undef
  161:1   warning  '$' is not defined                            no-undef
  165:10  warning  'obj33' is defined but never used             no-unused-vars
  168:1   warning  '$' is not defined                            no-undef
  170:1   warning  '$' is not defined                            no-undef
  174:10  warning  'obj34' is defined but never used             no-unused-vars
  177:1   warning  '$' is not defined                            no-undef
  179:1   warning  '$' is not defined                            no-undef
  186:10  warning  'flat1' is defined but never used             no-unused-vars
  188:1   warning  '$' is not defined                            no-undef
  189:1   warning  '$' is not defined                            no-undef
  193:1   warning  '$' is not defined                            no-undef
  194:1   warning  '$' is not defined                            no-undef
  223:2   warning  '$' is not defined                            no-undef
  227:2   warning  '$' is not defined                            no-undef
  228:2   warning  '$' is not defined                            no-undef
  229:2   warning  '$' is not defined                            no-undef
  230:2   warning  '$' is not defined                            no-undef
  231:1   warning  Mixed spaces and tabs                         no-mixed-spaces-and-tabs
  232:1   warning  Mixed spaces and tabs                         no-mixed-spaces-and-tabs
  239:2   warning  '$' is not defined                            no-undef
  243:2   warning  '$' is not defined                            no-undef
  244:2   warning  '$' is not defined                            no-undef
  245:2   warning  '$' is not defined                            no-undef
  246:2   warning  '$' is not defined                            no-undef
  247:1   warning  Mixed spaces and tabs                         no-mixed-spaces-and-tabs
  248:1   warning  Mixed spaces and tabs                         no-mixed-spaces-and-tabs
  255:2   warning  '$' is not defined                            no-undef
  259:2   warning  '$' is not defined                            no-undef
  260:2   warning  '$' is not defined                            no-undef
  261:2   warning  '$' is not defined                            no-undef
  262:2   warning  '$' is not defined                            no-undef
  263:1   warning  Mixed spaces and tabs                         no-mixed-spaces-and-tabs
  264:1   warning  Mixed spaces and tabs                         no-mixed-spaces-and-tabs
  284:2   warning  '$' is not defined                            no-undef
  288:2   warning  '$' is not defined                            no-undef
  289:2   warning  '$' is not defined                            no-undef
  290:2   warning  '$' is not defined                            no-undef
  291:2   warning  '$' is not defined                            no-undef
  292:2   warning  '$' is not defined                            no-undef
  293:1   warning  Mixed spaces and tabs                         no-mixed-spaces-and-tabs
  294:1   warning  Mixed spaces and tabs                         no-mixed-spaces-and-tabs
  300:2   warning  '$' is not defined                            no-undef
  304:2   warning  '$' is not defined                            no-undef
  305:2   warning  '$' is not defined                            no-undef
  306:2   warning  '$' is not defined                            no-undef
  307:2   warning  '$' is not defined                            no-undef
  308:2   warning  '$' is not defined                            no-undef
  309:1   warning  Mixed spaces and tabs                         no-mixed-spaces-and-tabs
  310:1   warning  Mixed spaces and tabs                         no-mixed-spaces-and-tabs
  316:5   warning  'counter' is assigned a value but never used  no-unused-vars
  324:2   warning  '$' is not defined                            no-undef
  325:2   warning  '$' is not defined                            no-undef
  330:2   warning  '$' is not defined                            no-undef
  331:2   warning  '$' is not defined                            no-undef
  332:2   warning  '$' is not defined                            no-undef
  333:2   warning  '$' is not defined                            no-undef
  335:2   warning  '$' is not defined                            no-undef
  336:2   warning  '$' is not defined                            no-undef
  337:2   warning  '$' is not defined                            no-undef
  338:2   warning  '$' is not defined                            no-undef
  339:1   warning  Mixed spaces and tabs                         no-mixed-spaces-and-tabs
  344:2   warning  '$' is not defined                            no-undef
  345:2   warning  '$' is not defined                            no-undef
  350:2   warning  '$' is not defined                            no-undef
  351:2   warning  '$' is not defined                            no-undef
  352:2   warning  '$' is not defined                            no-undef
  353:2   warning  '$' is not defined                            no-undef
  355:2   warning  '$' is not defined                            no-undef
  356:2   warning  '$' is not defined                            no-undef
  357:2   warning  '$' is not defined                            no-undef
  358:2   warning  '$' is not defined                            no-undef
  359:1   warning  Mixed spaces and tabs                         no-mixed-spaces-and-tabs
  364:2   warning  '$' is not defined                            no-undef
  365:2   warning  '$' is not defined                            no-undef
  370:2   warning  '$' is not defined                            no-undef
  371:2   warning  '$' is not defined                            no-undef
  372:2   warning  '$' is not defined                            no-undef
  373:2   warning  '$' is not defined                            no-undef
  374:2   warning  '$' is not defined                            no-undef
  375:2   warning  '$' is not defined                            no-undef
  376:2   warning  '$' is not defined                            no-undef
  377:2   warning  '$' is not defined                            no-undef
  378:1   warning  Mixed spaces and tabs                         no-mixed-spaces-and-tabs
  383:2   warning  '$' is not defined                            no-undef
  384:2   warning  '$' is not defined                            no-undef
  389:2   warning  '$' is not defined                            no-undef
  390:2   warning  '$' is not defined                            no-undef
  391:2   warning  '$' is not defined                            no-undef
  392:2   warning  '$' is not defined                            no-undef
  393:2   warning  '$' is not defined                            no-undef
  394:2   warning  '$' is not defined                            no-undef
  395:2   warning  '$' is not defined                            no-undef
  397:2   warning  '$' is not defined                            no-undef
  398:1   warning  Mixed spaces and tabs                         no-mixed-spaces-and-tabs
  403:2   warning  '$' is not defined                            no-undef
  404:2   warning  '$' is not defined                            no-undef
  409:2   warning  '$' is not defined                            no-undef
  410:2   warning  '$' is not defined                            no-undef
  411:2   warning  '$' is not defined                            no-undef
  412:2   warning  '$' is not defined                            no-undef
  413:2   warning  '$' is not defined                            no-undef
  414:2   warning  '$' is not defined                            no-undef
  415:2   warning  '$' is not defined                            no-undef
  416:2   warning  '$' is not defined                            no-undef
  417:1   warning  Mixed spaces and tabs                         no-mixed-spaces-and-tabs
  439:10  warning  'CreateTable' is defined but never used       no-unused-vars
  443:14  warning  '$' is not defined                            no-undef
  444:14  warning  '$' is not defined                            no-undef
  469:10  warning  'Refresh' is defined but never used           no-unused-vars
  489:10  warning  'calculate' is defined but never used         no-unused-vars
  490:14  warning  '$' is not defined                            no-undef
  491:14  warning  'math' is not defined                         no-undef
  491:34  warning  'math' is not defined                         no-undef
  494:13  warning  'math' is not defined                         no-undef
  494:27  warning  'math' is not defined                         no-undef
  494:47  warning  'math' is not defined                         no-undef
  494:69  warning  'math' is not defined                         no-undef
  495:13  warning  'math' is not defined                         no-undef
  496:2   warning  '$' is not defined                            no-undef
  497:15  warning  'math' is not defined                         no-undef
  497:29  warning  'math' is not defined                         no-undef

✖ 162 problems (0 errors, 162 warnings)

